<html>
<head>
<title>TestNG:  Test</title>
<link href="../testng.css" rel="stylesheet" type="text/css" />
<link href="../my-testng.css" rel="stylesheet" type="text/css" />

<style type="text/css">
.log { display: none;} 
.stack-trace { display: none;} 
</style>
<script type="text/javascript">
<!--
function flip(e) {
  current = e.style.display;
  if (current == 'block') {
    e.style.display = 'none';
    return 0;
  }
  else {
    e.style.display = 'block';
    return 1;
  }
}

function toggleBox(szDivId, elem, msg1, msg2)
{
  var res = -1;  if (document.getElementById) {
    res = flip(document.getElementById(szDivId));
  }
  else if (document.all) {
    // this is the way old msie versions work
    res = flip(document.all[szDivId]);
  }
  if(elem) {
    if(res == 0) elem.innerHTML = msg1; else elem.innerHTML = msg2;
  }

}

function toggleAllBoxes() {
  if (document.getElementsByTagName) {
    d = document.getElementsByTagName('div');
    for (i = 0; i < d.length; i++) {
      if (d[i].className == 'log') {
        flip(d[i]);
      }
    }
  }
}

// -->
</script>

</head>
<body>
<h2 align='center'>Test</h2><table border='1' align="center">
<tr>
<td>Tests passed/Failed/Skipped:</td><td>0/1/4</td>
</tr><tr>
<td>Started on:</td><td>Wed Jan 21 22:15:50 IST 2015</td>
</tr>
<tr><td>Total time:</td><td>18 seconds (18493 ms)</td>
</tr><tr>
<td>Included groups:</td><td></td>
</tr><tr>
<td>Excluded groups:</td><td></td>
</tr>
</table><p/>
<small><i>(Hover the method name to see the test class name)</i></small><p/>
<table width='100%' border='1' class='invocation-failed'>
<tr><td colspan='4' align='center'><b>FAILED CONFIGURATIONS</b></td></tr>
<tr><td><b>Test method</b></td>
<td width="30%"><b>Exception</b></td>
<td width="10%"><b>Time (seconds)</b></td>
<td><b>Instance</b></td>
</tr>
<tr>
<td title='com.actitime.projectandcustomerTest.ProjectAndCustomerTest.configBeforeClass()'><b>configBeforeClass</b><br>Test class: com.actitime.projectandcustomerTest.ProjectAndCustomerTest</td>
<td><div><pre>java.io.FileNotFoundException: E:\prakash_Selenium\Test_Data.xls (The system cannot find the file specified)
	at java.io.FileInputStream.open(Native Method)
	at java.io.FileInputStream.&lt;init&gt;(FileInputStream.java:146)
	at java.io.FileInputStream.&lt;init&gt;(FileInputStream.java:101)
	at com.actitime.genericLib.ExcelLib.getExcelData(ExcelLib.java:20)
	at com.actitime.projectandcustomerTest.ProjectAndCustomerTest.configBeforeClass(ProjectAndCustomerTest.java:58)
... Removed 24 stack frames</pre></div><a href='#' onClick='toggleBox("stack-trace8284394", this, "Click to show all stack frames", "Click to hide stack frames")'>Click to show all stack frames</a>
<div class='stack-trace' id='stack-trace8284394'><pre>java.io.FileNotFoundException: E:\prakash_Selenium\Test_Data.xls (The system cannot find the file specified)
	at java.io.FileInputStream.open(Native Method)
	at java.io.FileInputStream.&lt;init&gt;(FileInputStream.java:146)
	at java.io.FileInputStream.&lt;init&gt;(FileInputStream.java:101)
	at com.actitime.genericLib.ExcelLib.getExcelData(ExcelLib.java:20)
	at com.actitime.projectandcustomerTest.ProjectAndCustomerTest.configBeforeClass(ProjectAndCustomerTest.java:58)
	at sun.reflect.NativeMethodAccessorImpl.invoke0(Native Method)
	at sun.reflect.NativeMethodAccessorImpl.invoke(NativeMethodAccessorImpl.java:57)
	at sun.reflect.DelegatingMethodAccessorImpl.invoke(DelegatingMethodAccessorImpl.java:43)
	at java.lang.reflect.Method.invoke(Method.java:606)
	at org.testng.internal.MethodInvocationHelper.invokeMethod(MethodInvocationHelper.java:84)
	at org.testng.internal.Invoker.invokeConfigurationMethod(Invoker.java:564)
	at org.testng.internal.Invoker.invokeConfigurations(Invoker.java:213)
	at org.testng.internal.Invoker.invokeConfigurations(Invoker.java:138)
	at org.testng.internal.TestMethodWorker.invokeBeforeClassMethods(TestMethodWorker.java:175)
	at org.testng.internal.TestMethodWorker.run(TestMethodWorker.java:107)
	at org.testng.TestRunner.privateRun(TestRunner.java:767)
	at org.testng.TestRunner.run(TestRunner.java:617)
	at org.testng.SuiteRunner.runTest(SuiteRunner.java:334)
	at org.testng.SuiteRunner.runSequentially(SuiteRunner.java:329)
	at org.testng.SuiteRunner.privateRun(SuiteRunner.java:291)
	at org.testng.SuiteRunner.run(SuiteRunner.java:240)
	at org.testng.SuiteRunnerWorker.runSuite(SuiteRunnerWorker.java:52)
	at org.testng.SuiteRunnerWorker.run(SuiteRunnerWorker.java:86)
	at org.testng.TestNG.runSuitesSequentially(TestNG.java:1224)
	at org.testng.TestNG.runSuitesLocally(TestNG.java:1149)
	at org.testng.TestNG.run(TestNG.java:1057)
	at org.testng.remote.RemoteTestNG.run(RemoteTestNG.java:111)
	at org.testng.remote.RemoteTestNG.initAndRun(RemoteTestNG.java:204)
	at org.testng.remote.RemoteTestNG.main(RemoteTestNG.java:175)
</pre></div></td>
<td>0</td>
<td>com.actitime.projectandcustomerTest.ProjectAndCustomerTest@14fb3e1</td></tr>
<tr>
<td title='com.actitime.reporttest.ReportTest.configBeforeMtd()'><b>configBeforeMtd</b><br>Test class: com.actitime.reporttest.ReportTest</td>
<td><div><pre>java.io.FileNotFoundException: E:\prakash_Selenium\Test_Data.xls (The system cannot find the file specified)
	at java.io.FileInputStream.open(Native Method)
	at java.io.FileInputStream.&lt;init&gt;(FileInputStream.java:146)
	at java.io.FileInputStream.&lt;init&gt;(FileInputStream.java:101)
	at com.actitime.genericLib.ExcelLib.getExcelData(ExcelLib.java:20)
	at com.actitime.reporttest.ReportTest.configBeforeMtd(ReportTest.java:62)
... Removed 26 stack frames</pre></div><a href='#' onClick='toggleBox("stack-trace26027486", this, "Click to show all stack frames", "Click to hide stack frames")'>Click to show all stack frames</a>
<div class='stack-trace' id='stack-trace26027486'><pre>java.io.FileNotFoundException: E:\prakash_Selenium\Test_Data.xls (The system cannot find the file specified)
	at java.io.FileInputStream.open(Native Method)
	at java.io.FileInputStream.&lt;init&gt;(FileInputStream.java:146)
	at java.io.FileInputStream.&lt;init&gt;(FileInputStream.java:101)
	at com.actitime.genericLib.ExcelLib.getExcelData(ExcelLib.java:20)
	at com.actitime.reporttest.ReportTest.configBeforeMtd(ReportTest.java:62)
	at sun.reflect.NativeMethodAccessorImpl.invoke0(Native Method)
	at sun.reflect.NativeMethodAccessorImpl.invoke(NativeMethodAccessorImpl.java:57)
	at sun.reflect.DelegatingMethodAccessorImpl.invoke(DelegatingMethodAccessorImpl.java:43)
	at java.lang.reflect.Method.invoke(Method.java:606)
	at org.testng.internal.MethodInvocationHelper.invokeMethod(MethodInvocationHelper.java:84)
	at org.testng.internal.Invoker.invokeConfigurationMethod(Invoker.java:564)
	at org.testng.internal.Invoker.invokeConfigurations(Invoker.java:213)
	at org.testng.internal.Invoker.invokeMethod(Invoker.java:653)
	at org.testng.internal.Invoker.invokeTestMethod(Invoker.java:901)
	at org.testng.internal.Invoker.invokeTestMethods(Invoker.java:1231)
	at org.testng.internal.TestMethodWorker.invokeTestMethods(TestMethodWorker.java:127)
	at org.testng.internal.TestMethodWorker.run(TestMethodWorker.java:111)
	at org.testng.TestRunner.privateRun(TestRunner.java:767)
	at org.testng.TestRunner.run(TestRunner.java:617)
	at org.testng.SuiteRunner.runTest(SuiteRunner.java:334)
	at org.testng.SuiteRunner.runSequentially(SuiteRunner.java:329)
	at org.testng.SuiteRunner.privateRun(SuiteRunner.java:291)
	at org.testng.SuiteRunner.run(SuiteRunner.java:240)
	at org.testng.SuiteRunnerWorker.runSuite(SuiteRunnerWorker.java:52)
	at org.testng.SuiteRunnerWorker.run(SuiteRunnerWorker.java:86)
	at org.testng.TestNG.runSuitesSequentially(TestNG.java:1224)
	at org.testng.TestNG.runSuitesLocally(TestNG.java:1149)
	at org.testng.TestNG.run(TestNG.java:1057)
	at org.testng.remote.RemoteTestNG.run(RemoteTestNG.java:111)
	at org.testng.remote.RemoteTestNG.initAndRun(RemoteTestNG.java:204)
	at org.testng.remote.RemoteTestNG.main(RemoteTestNG.java:175)
</pre></div></td>
<td>0</td>
<td>com.actitime.reporttest.ReportTest@13e6577</td></tr>
</table><p>
<table width='100%' border='1' class='invocation-skipped'>
<tr><td colspan='4' align='center'><b>SKIPPED CONFIGURATIONS</b></td></tr>
<tr><td><b>Test method</b></td>
<td width="30%"><b>Exception</b></td>
<td width="10%"><b>Time (seconds)</b></td>
<td><b>Instance</b></td>
</tr>
<tr>
<td title='com.actitime.projectandcustomerTest.ProjectAndCustomerTest.configBeforeMtd()'><b>configBeforeMtd</b><br>Test class: com.actitime.projectandcustomerTest.ProjectAndCustomerTest</td>
<td></td>
<td>0</td>
<td>com.actitime.projectandcustomerTest.ProjectAndCustomerTest@14fb3e1</td></tr>
<tr>
<td title='com.actitime.projectandcustomerTest.ProjectAndCustomerTest.configBeforeMtd()'><b>configBeforeMtd</b><br>Test class: com.actitime.projectandcustomerTest.ProjectAndCustomerTest</td>
<td></td>
<td>0</td>
<td>com.actitime.projectandcustomerTest.ProjectAndCustomerTest@14fb3e1</td></tr>
<tr>
<td title='com.actitime.reporttest.ReportTest.configBeforeMtd()'><b>configBeforeMtd</b><br>Test class: com.actitime.reporttest.ReportTest</td>
<td></td>
<td>0</td>
<td>com.actitime.reporttest.ReportTest@13e6577</td></tr>
<tr>
<td title='com.actitime.projectandcustomerTest.ProjectAndCustomerTest.configAfterMtd()'><b>configAfterMtd</b><br>Test class: com.actitime.projectandcustomerTest.ProjectAndCustomerTest</td>
<td></td>
<td>0</td>
<td>com.actitime.projectandcustomerTest.ProjectAndCustomerTest@14fb3e1</td></tr>
<tr>
<td title='com.actitime.projectandcustomerTest.ProjectAndCustomerTest.configAfterMtd()'><b>configAfterMtd</b><br>Test class: com.actitime.projectandcustomerTest.ProjectAndCustomerTest</td>
<td></td>
<td>0</td>
<td>com.actitime.projectandcustomerTest.ProjectAndCustomerTest@14fb3e1</td></tr>
<tr>
<td title='com.actitime.reporttest.ReportTest.configAfterMtd()'><b>configAfterMtd</b><br>Test class: com.actitime.reporttest.ReportTest</td>
<td></td>
<td>0</td>
<td>com.actitime.reporttest.ReportTest@13e6577</td></tr>
<tr>
<td title='com.actitime.reporttest.ReportTest.configAfterMtd()'><b>configAfterMtd</b><br>Test class: com.actitime.reporttest.ReportTest</td>
<td></td>
<td>0</td>
<td>com.actitime.reporttest.ReportTest@13e6577</td></tr>
<tr>
<td title='com.actitime.projectandcustomerTest.ProjectAndCustomerTest.configAfterClass()'><b>configAfterClass</b><br>Test class: com.actitime.projectandcustomerTest.ProjectAndCustomerTest</td>
<td></td>
<td>0</td>
<td>com.actitime.projectandcustomerTest.ProjectAndCustomerTest@14fb3e1</td></tr>
<tr>
<td title='com.actitime.reporttest.ReportTest.configAfterClass()'><b>configAfterClass</b><br>Test class: com.actitime.reporttest.ReportTest</td>
<td></td>
<td>0</td>
<td>com.actitime.reporttest.ReportTest@13e6577</td></tr>
</table><p>
<table width='100%' border='1' class='invocation-skipped'>
<tr><td colspan='4' align='center'><b>SKIPPED TESTS</b></td></tr>
<tr><td><b>Test method</b></td>
<td width="30%"><b>Exception</b></td>
<td width="10%"><b>Time (seconds)</b></td>
<td><b>Instance</b></td>
</tr>
<tr>
<td title='com.actitime.projectandcustomerTest.ProjectAndCustomerTest.createCustomer()'><b>createCustomer</b><br>Test class: com.actitime.projectandcustomerTest.ProjectAndCustomerTest</td>
<td></td>
<td>0</td>
<td>com.actitime.projectandcustomerTest.ProjectAndCustomerTest@14fb3e1</td></tr>
<tr>
<td title='com.actitime.reporttest.ReportTest.createReportTest()'><b>createReportTest</b><br>Test class: com.actitime.reporttest.ReportTest</td>
<td></td>
<td>0</td>
<td>com.actitime.reporttest.ReportTest@13e6577</td></tr>
<tr>
<td title='com.actitime.projectandcustomerTest.ProjectAndCustomerTest.modifyCustomer()'><b>modifyCustomer</b><br>Test class: com.actitime.projectandcustomerTest.ProjectAndCustomerTest</td>
<td></td>
<td>0</td>
<td>com.actitime.projectandcustomerTest.ProjectAndCustomerTest@14fb3e1</td></tr>
<tr>
<td title='com.actitime.reporttest.ReportTest.modifyReportTest()'><b>modifyReportTest</b><br>Test class: com.actitime.reporttest.ReportTest</td>
<td></td>
<td>0</td>
<td>com.actitime.reporttest.ReportTest@13e6577</td></tr>
<tr>
<td title='com.actitime.genericLib.ReportLib.takeScreenShot()'><b>takeScreenShot</b><br>Test class: com.actitime.genericLib.ReportLib</td>
<td><div><pre>org.testng.TestNGException: 
Method takeScreenShot requires 1 parameters but 0 were supplied in the @Test annotation.
... Removed 23 stack frames</pre></div><a href='#' onClick='toggleBox("stack-trace8060090", this, "Click to show all stack frames", "Click to hide stack frames")'>Click to show all stack frames</a>
<div class='stack-trace' id='stack-trace8060090'><pre>org.testng.TestNGException: 
Method takeScreenShot requires 1 parameters but 0 were supplied in the @Test annotation.
	at org.testng.internal.Parameters.checkParameterTypes(Parameters.java:198)
	at org.testng.internal.Parameters.createParameters(Parameters.java:134)
	at org.testng.internal.Parameters.createParameters(Parameters.java:373)
	at org.testng.internal.Parameters.handleParameters(Parameters.java:450)
	at org.testng.internal.Invoker.handleParameters(Invoker.java:1383)
	at org.testng.internal.Invoker.createParameters(Invoker.java:1075)
	at org.testng.internal.Invoker.invokeTestMethods(Invoker.java:1180)
	at org.testng.internal.TestMethodWorker.invokeTestMethods(TestMethodWorker.java:127)
	at org.testng.internal.TestMethodWorker.run(TestMethodWorker.java:111)
	at org.testng.TestRunner.privateRun(TestRunner.java:767)
	at org.testng.TestRunner.run(TestRunner.java:617)
	at org.testng.SuiteRunner.runTest(SuiteRunner.java:334)
	at org.testng.SuiteRunner.runSequentially(SuiteRunner.java:329)
	at org.testng.SuiteRunner.privateRun(SuiteRunner.java:291)
	at org.testng.SuiteRunner.run(SuiteRunner.java:240)
	at org.testng.SuiteRunnerWorker.runSuite(SuiteRunnerWorker.java:52)
	at org.testng.SuiteRunnerWorker.run(SuiteRunnerWorker.java:86)
	at org.testng.TestNG.runSuitesSequentially(TestNG.java:1224)
	at org.testng.TestNG.runSuitesLocally(TestNG.java:1149)
	at org.testng.TestNG.run(TestNG.java:1057)
	at org.testng.remote.RemoteTestNG.run(RemoteTestNG.java:111)
	at org.testng.remote.RemoteTestNG.initAndRun(RemoteTestNG.java:204)
	at org.testng.remote.RemoteTestNG.main(RemoteTestNG.java:175)
</pre></div></td>
<td>0</td>
<td>com.actitime.genericLib.ReportLib@ba63a2</td></tr>
</table><p>
</body>
</html>